This file contains any messages produced by compilers while
running configure, to aid debugging if configure makes a mistake.

It was created by libpng configure 1.2.56, which was
generated by GNU Autoconf 2.69.  Invocation command line was

  $ ./configure --disable-shared --prefix=/fuzzing/libpng-1.2.56/install

## --------- ##
## Platform. ##
## --------- ##

hostname = 147cdd6c4cc4
uname -m = aarch64
uname -r = 6.12.76-linuxkit
uname -s = Linux
uname -v = #1 SMP Fri Apr 17 14:56:37 UTC 2026

/usr/bin/uname -p = aarch64
/bin/uname -X     = unknown

/bin/arch              = aarch64
/usr/bin/arch -k       = unknown
/usr/convex/getsysinfo = unknown
/usr/bin/hostinfo      = unknown
/bin/machine           = unknown
/usr/bin/oslevel       = unknown
/bin/universe          = unknown

PATH: /usr/local/sbin
PATH: /usr/local/bin
PATH: /usr/sbin
PATH: /usr/bin
PATH: /sbin
PATH: /bin


## ----------- ##
## Core tests. ##
## ----------- ##

configure:2342: checking for a BSD-compatible install
configure:2410: result: /usr/bin/install -c
configure:2421: checking whether build environment is sane
configure:2476: result: yes
configure:2627: checking for a thread-safe mkdir -p
configure:2666: result: /usr/bin/mkdir -p
configure:2673: checking for gawk
configure:2703: result: no
configure:2673: checking for mawk
configure:2689: found /usr/bin/mawk
configure:2700: result: mawk
configure:2711: checking whether make sets $(MAKE)
configure:2733: result: yes
configure:2762: checking whether make supports nested variables
configure:2779: result: yes
configure:2906: checking whether to enable maintainer-specific portions of Makefiles
configure:2915: result: no
configure:2988: checking for gcc
configure:3015: result: afl-clang-fast
configure:3244: checking for C compiler version
configure:3253: afl-clang-fast --version >&5
Ubuntu clang version 14.0.0-1ubuntu1.1
Target: aarch64-unknown-linux-gnu
Thread model: posix
InstalledDir: /usr/lib/llvm-14/bin
configure:3264: $? = 0
configure:3253: afl-clang-fast -v >&5
Ubuntu clang version 14.0.0-1ubuntu1.1
Target: aarch64-unknown-linux-gnu
Thread model: posix
InstalledDir: /usr/lib/llvm-14/bin
Found candidate GCC installation: /usr/lib/gcc/aarch64-linux-gnu/11
Selected GCC installation: /usr/lib/gcc/aarch64-linux-gnu/11
Candidate multilib: .;@m64
Selected multilib: .;@m64
configure:3264: $? = 0
configure:3253: afl-clang-fast -V >&5
clang: error: unsupported option '-V -fPIC'
clang: error: no input files
configure:3264: $? = 1
configure:3253: afl-clang-fast -qversion >&5
clang: error: unknown argument '-qversion'; did you mean '--version'?
clang: error: no input files
configure:3264: $? = 1
configure:3284: checking whether the C compiler works
configure:3306: afl-clang-fast -fsanitize=address -g -O1  -fsanitize=address conftest.c  >&5
configure:3310: $? = 0
configure:3358: result: yes
configure:3361: checking for C compiler default output file name
configure:3363: result: a.out
configure:3369: checking for suffix of executables
configure:3376: afl-clang-fast -o conftest -fsanitize=address -g -O1  -fsanitize=address conftest.c  >&5
configure:3380: $? = 0
configure:3402: result: 
configure:3424: checking whether we are cross compiling
configure:3432: afl-clang-fast -o conftest -fsanitize=address -g -O1  -fsanitize=address conftest.c  >&5
configure:3436: $? = 0
configure:3443: ./conftest
configure:3447: $? = 0
configure:3462: result: no
configure:3467: checking for suffix of object files
configure:3489: afl-clang-fast -c -fsanitize=address -g -O1  conftest.c >&5
configure:3493: $? = 0
configure:3514: result: o
configure:3518: checking whether we are using the GNU C compiler
configure:3537: afl-clang-fast -c -fsanitize=address -g -O1  conftest.c >&5
configure:3537: $? = 0
configure:3546: result: yes
configure:3555: checking whether afl-clang-fast accepts -g
configure:3575: afl-clang-fast -c -g  conftest.c >&5
configure:3575: $? = 0
configure:3616: result: yes
configure:3633: checking for afl-clang-fast option to accept ISO C89
configure:3696: afl-clang-fast  -c -fsanitize=address -g -O1  conftest.c >&5
configure:3696: $? = 0
configure:3709: result: none needed
configure:3734: checking whether afl-clang-fast understands -c and -o together
configure:3756: afl-clang-fast -c conftest.c -o conftest2.o
configure:3759: $? = 0
configure:3756: afl-clang-fast -c conftest.c -o conftest2.o
configure:3759: $? = 0
configure:3771: result: yes
configure:3799: checking for style of include used by make
configure:3827: result: GNU
configure:3853: checking dependency style of afl-clang-fast
configure:3964: result: gcc3
configure:3983: checking build system type
configure:3997: result: aarch64-unknown-linux-gnu
configure:4017: checking host system type
configure:4030: result: aarch64-unknown-linux-gnu
configure:4050: checking for a sed that does not truncate output
configure:4114: result: /usr/bin/sed
configure:4132: checking for grep that handles long lines and -e
configure:4190: result: /usr/bin/grep
configure:4195: checking for egrep
configure:4257: result: /usr/bin/grep -E
configure:4262: checking for fgrep
configure:4324: result: /usr/bin/grep -F
configure:4351: checking how to print strings
configure:4378: result: printf
configure:4411: checking for ld used by afl-clang-fast
configure:4478: result: /usr/bin/ld
configure:4485: checking if the linker (/usr/bin/ld) is GNU ld
configure:4500: result: yes
configure:4517: checking how to run the C preprocessor
configure:4548: afl-clang-fast -E  conftest.c
configure:4548: $? = 0
configure:4562: afl-clang-fast -E  conftest.c
conftest.c:11:10: fatal error: 'ac_nonexistent.h' file not found
#include <ac_nonexistent.h>
         ^~~~~~~~~~~~~~~~~~
1 error generated.
configure:4562: $? = 1
configure: failed program was:
| /* confdefs.h */
| #define PACKAGE_NAME "libpng"
| #define PACKAGE_TARNAME "libpng"
| #define PACKAGE_VERSION "1.2.56"
| #define PACKAGE_STRING "libpng 1.2.56"
| #define PACKAGE_BUGREPORT "png-mng-implement@lists.sourceforge.net"
| #define PACKAGE_URL ""
| #define PACKAGE "libpng"
| #define VERSION "1.2.56"
| /* end confdefs.h.  */
| #include <ac_nonexistent.h>
configure:4587: result: afl-clang-fast -E
configure:4607: afl-clang-fast -E  conftest.c
configure:4607: $? = 0
configure:4621: afl-clang-fast -E  conftest.c
conftest.c:11:10: fatal error: 'ac_nonexistent.h' file not found
#include <ac_nonexistent.h>
         ^~~~~~~~~~~~~~~~~~
1 error generated.
configure:4621: $? = 1
configure: failed program was:
| /* confdefs.h */
| #define PACKAGE_NAME "libpng"
| #define PACKAGE_TARNAME "libpng"
| #define PACKAGE_VERSION "1.2.56"
| #define PACKAGE_STRING "libpng 1.2.56"
| #define PACKAGE_BUGREPORT "png-mng-implement@lists.sourceforge.net"
| #define PACKAGE_URL ""
| #define PACKAGE "libpng"
| #define VERSION "1.2.56"
| /* end confdefs.h.  */
| #include <ac_nonexistent.h>
configure:4692: checking for sed
configure:4719: result: /usr/bin/sed
configure:5045: checking whether ln -s works
configure:5049: result: yes
configure:5056: checking whether make sets $(MAKE)
configure:5078: result: yes
configure:5129: checking for BSD- or MS-compatible name lister (nm)
configure:5183: result: /usr/bin/nm -B
configure:5313: checking the name lister (/usr/bin/nm -B) interface
configure:5320: afl-clang-fast -c -fsanitize=address -g -O1  conftest.c >&5
configure:5323: /usr/bin/nm -B "conftest.o"
configure:5326: output
                 U __asan_init
                 U __asan_register_globals
                 U __asan_unregister_globals
                 U __asan_version_mismatch_check_v8
0000000000000000 d __unnamed_1
0000000000000000 t asan.module_ctor
0000000000000000 t asan.module_dtor
0000000000000000 B some_variable
configure:5333: result: BSD nm
configure:5337: checking the maximum length of command line arguments
configure:5468: result: 1572864
configure:5516: checking how to convert aarch64-unknown-linux-gnu file names to aarch64-unknown-linux-gnu format
configure:5556: result: func_convert_file_noop
configure:5563: checking how to convert aarch64-unknown-linux-gnu file names to toolchain format
configure:5583: result: func_convert_file_noop
configure:5590: checking for /usr/bin/ld option to reload object files
configure:5597: result: -r
configure:5671: checking for objdump
configure:5698: result: objdump
configure:5727: checking how to recognize dependent libraries
configure:5927: result: pass_all
configure:6012: checking for dlltool
configure:6039: result: dlltool
configure:6069: checking how to associate runtime and link libraries
configure:6096: result: printf %s\n
configure:6157: checking for ar
configure:6173: found /usr/bin/ar
configure:6184: result: ar
configure:6221: checking for archiver @FILE support
configure:6238: afl-clang-fast -c -fsanitize=address -g -O1  conftest.c >&5
configure:6238: $? = 0
configure:6241: ar cru libconftest.a @conftest.lst >&5
ar: `u' modifier ignored since `D' is the default (see `U')
configure:6244: $? = 0
configure:6249: ar cru libconftest.a @conftest.lst >&5
ar: `u' modifier ignored since `D' is the default (see `U')
ar: conftest.o: No such file or directory
configure:6252: $? = 1
configure:6264: result: @
configure:6322: checking for strip
configure:6338: found /usr/bin/strip
configure:6349: result: strip
configure:6421: checking for ranlib
configure:6437: found /usr/bin/ranlib
configure:6448: result: ranlib
configure:6550: checking command to parse /usr/bin/nm -B output from afl-clang-fast object
configure:6703: afl-clang-fast -c -fsanitize=address -g -O1  conftest.c >&5
configure:6706: $? = 0
configure:6710: /usr/bin/nm -B conftest.o \| sed -n -e 's/^.*[ ]\([ABCDGIRSTW][ABCDGIRSTW]*\)[ ][ ]*\([_A-Za-z][_A-Za-z0-9]*\)$/\1 \2 \2/p' | sed '/ __gnu_lto/d' \> conftest.nm
configure:6713: $? = 0
configure:6779: afl-clang-fast -o conftest -fsanitize=address -g -O1  -fsanitize=address conftest.c conftstm.o >&5
configure:6782: $? = 0
configure:6820: result: ok
configure:6867: checking for sysroot
configure:6897: result: no
configure:6904: checking for a working dd
configure:6942: result: /usr/bin/dd
configure:6946: checking how to truncate binary pipes
configure:6961: result: /usr/bin/dd bs=4096 count=1
configure:7290: checking for mt
configure:7320: result: no
configure:7340: checking if : is a manifest tool
configure:7346: : '-?'
configure:7354: result: no
configure:8027: checking for ANSI C header files
configure:8047: afl-clang-fast -c -fsanitize=address -g -O1  conftest.c >&5
configure:8047: $? = 0
configure:8120: afl-clang-fast -o conftest -fsanitize=address -g -O1  -fsanitize=address conftest.c  >&5
configure:8120: $? = 0
configure:8120: ./conftest
configure:8120: $? = 0
configure:8131: result: yes
configure:8144: checking for sys/types.h
configure:8144: afl-clang-fast -c -fsanitize=address -g -O1  conftest.c >&5
configure:8144: $? = 0
configure:8144: result: yes
configure:8144: checking for sys/stat.h
configure:8144: afl-clang-fast -c -fsanitize=address -g -O1  conftest.c >&5
configure:8144: $? = 0
configure:8144: result: yes
configure:8144: checking for stdlib.h
configure:8144: afl-clang-fast -c -fsanitize=address -g -O1  conftest.c >&5
configure:8144: $? = 0
configure:8144: result: yes
configure:8144: checking for string.h
configure:8144: afl-clang-fast -c -fsanitize=address -g -O1  conftest.c >&5
configure:8144: $? = 0
configure:8144: result: yes
configure:8144: checking for memory.h
configure:8144: afl-clang-fast -c -fsanitize=address -g -O1  conftest.c >&5
configure:8144: $? = 0
configure:8144: result: yes
configure:8144: checking for strings.h
configure:8144: afl-clang-fast -c -fsanitize=address -g -O1  conftest.c >&5
configure:8144: $? = 0
configure:8144: result: yes
configure:8144: checking for inttypes.h
configure:8144: afl-clang-fast -c -fsanitize=address -g -O1  conftest.c >&5
configure:8144: $? = 0
configure:8144: result: yes
configure:8144: checking for stdint.h
configure:8144: afl-clang-fast -c -fsanitize=address -g -O1  conftest.c >&5
configure:8144: $? = 0
configure:8144: result: yes
configure:8144: checking for unistd.h
configure:8144: afl-clang-fast -c -fsanitize=address -g -O1  conftest.c >&5
configure:8144: $? = 0
configure:8144: result: yes
configure:8158: checking for dlfcn.h
configure:8158: afl-clang-fast -c -fsanitize=address -g -O1  conftest.c >&5
configure:8158: $? = 0
configure:8158: result: yes
configure:8412: checking for objdir
configure:8427: result: .libs
configure:8687: checking if afl-clang-fast supports -fno-rtti -fno-exceptions
configure:8705: afl-clang-fast -c -fsanitize=address -g -O1  -fno-rtti -fno-exceptions conftest.c >&5
configure:8709: $? = 0
configure:8722: result: yes
configure:9080: checking for afl-clang-fast option to produce PIC
configure:9087: result: -fPIC -DPIC
configure:9095: checking if afl-clang-fast PIC flag -fPIC -DPIC works
configure:9113: afl-clang-fast -c -fsanitize=address -g -O1  -fPIC -DPIC -DPIC conftest.c >&5
configure:9117: $? = 0
configure:9130: result: yes
configure:9159: checking if afl-clang-fast static flag -static works
configure:9187: result: no
configure:9202: checking if afl-clang-fast supports -c -o file.o
configure:9223: afl-clang-fast -c -fsanitize=address -g -O1  -o out/conftest2.o conftest.c >&5
configure:9227: $? = 0
configure:9249: result: yes
configure:9257: checking if afl-clang-fast supports -c -o file.o
configure:9304: result: yes
configure:9337: checking whether the afl-clang-fast linker (/usr/bin/ld) supports shared libraries
configure:10596: result: yes
configure:10836: checking dynamic linker characteristics
configure:11417: afl-clang-fast -o conftest -fsanitize=address -g -O1  -fsanitize=address -Wl,-rpath -Wl,/foo conftest.c  >&5
configure:11417: $? = 0
configure:11654: result: GNU/Linux ld.so
configure:11776: checking how to hardcode library paths into programs
configure:11801: result: immediate
configure:12349: checking whether stripping libraries is possible
configure:12354: result: yes
configure:12389: checking if libtool supports shared libraries
configure:12391: result: yes
configure:12394: checking whether to build shared libraries
configure:12419: result: no
configure:12422: checking whether to build static libraries
configure:12426: result: yes
configure:12465: checking for ANSI C header files
configure:12569: result: yes
configure:12580: checking malloc.h usability
configure:12580: afl-clang-fast -c -fsanitize=address -g -O1  conftest.c >&5
configure:12580: $? = 0
configure:12580: result: yes
configure:12580: checking malloc.h presence
configure:12580: afl-clang-fast -E  conftest.c
configure:12580: $? = 0
configure:12580: result: yes
configure:12580: checking for malloc.h
configure:12580: result: yes
configure:12580: checking for stdlib.h
configure:12580: result: yes
configure:12580: checking for string.h
configure:12580: result: yes
configure:12580: checking for strings.h
configure:12580: result: yes
configure:12592: checking for an ANSI C-conforming const
configure:12658: afl-clang-fast -c -fsanitize=address -g -O1  conftest.c >&5
configure:12658: $? = 0
configure:12665: result: yes
configure:12673: checking for size_t
configure:12673: afl-clang-fast -c -fsanitize=address -g -O1  conftest.c >&5
configure:12673: $? = 0
configure:12673: afl-clang-fast -c -fsanitize=address -g -O1  conftest.c >&5
conftest.c:64:21: error: expected expression
if (sizeof ((size_t)))
                    ^
1 error generated.
configure:12673: $? = 1
configure: failed program was:
| /* confdefs.h */
| #define PACKAGE_NAME "libpng"
| #define PACKAGE_TARNAME "libpng"
| #define PACKAGE_VERSION "1.2.56"
| #define PACKAGE_STRING "libpng 1.2.56"
| #define PACKAGE_BUGREPORT "png-mng-implement@lists.sourceforge.net"
| #define PACKAGE_URL ""
| #define PACKAGE "libpng"
| #define VERSION "1.2.56"
| #define STDC_HEADERS 1
| #define HAVE_SYS_TYPES_H 1
| #define HAVE_SYS_STAT_H 1
| #define HAVE_STDLIB_H 1
| #define HAVE_STRING_H 1
| #define HAVE_MEMORY_H 1
| #define HAVE_STRINGS_H 1
| #define HAVE_INTTYPES_H 1
| #define HAVE_STDINT_H 1
| #define HAVE_UNISTD_H 1
| #define HAVE_DLFCN_H 1
| #define LT_OBJDIR ".libs/"
| #define STDC_HEADERS 1
| #define HAVE_MALLOC_H 1
| #define HAVE_STDLIB_H 1
| #define HAVE_STRING_H 1
| #define HAVE_STRINGS_H 1
| /* end confdefs.h.  */
| #include <stdio.h>
| #ifdef HAVE_SYS_TYPES_H
| # include <sys/types.h>
| #endif
| #ifdef HAVE_SYS_STAT_H
| # include <sys/stat.h>
| #endif
| #ifdef STDC_HEADERS
| # include <stdlib.h>
| # include <stddef.h>
| #else
| # ifdef HAVE_STDLIB_H
| #  include <stdlib.h>
| # endif
| #endif
| #ifdef HAVE_STRING_H
| # if !defined STDC_HEADERS && defined HAVE_MEMORY_H
| #  include <memory.h>
| # endif
| # include <string.h>
| #endif
| #ifdef HAVE_STRINGS_H
| # include <strings.h>
| #endif
| #ifdef HAVE_INTTYPES_H
| # include <inttypes.h>
| #endif
| #ifdef HAVE_STDINT_H
| # include <stdint.h>
| #endif
| #ifdef HAVE_UNISTD_H
| # include <unistd.h>
| #endif
| int
| main ()
| {
| if (sizeof ((size_t)))
| 	    return 0;
|   ;
|   return 0;
| }
configure:12673: result: yes
configure:12684: checking whether struct tm is in sys/time.h or time.h
configure:12704: afl-clang-fast -c -fsanitize=address -g -O1  conftest.c >&5
configure:12704: $? = 0
configure:12711: result: time.h
configure:12721: checking for working strtod
configure:12762: afl-clang-fast -o conftest -fsanitize=address -g -O1  -fsanitize=address conftest.c  >&5
configure:12762: $? = 0
configure:12762: ./conftest
configure:12762: $? = 0
configure:12772: result: yes
configure:12836: checking for memset
configure:12836: afl-clang-fast -o conftest -fsanitize=address -g -O1  -fsanitize=address conftest.c  >&5
conftest.c:51:6: warning: incompatible redeclaration of library function 'memset' [-Wincompatible-library-redeclaration]
char memset ();
     ^
conftest.c:51:6: note: 'memset' is a builtin with type 'void *(void *, int, unsigned long)'
1 warning generated.
configure:12836: $? = 0
configure:12836: result: yes
configure:12849: checking for pow
configure:12849: afl-clang-fast -o conftest -fsanitize=address -g -O1  -fsanitize=address conftest.c  >&5
conftest.c:52:6: warning: incompatible redeclaration of library function 'pow' [-Wincompatible-library-redeclaration]
char pow ();
     ^
conftest.c:52:6: note: 'pow' is a builtin with type 'double (double, double)'
1 warning generated.
configure:12849: $? = 0
configure:12849: result: yes
configure:12906: checking for zlibVersion in -lz
configure:12931: afl-clang-fast -o conftest -fsanitize=address -g -O1  -fsanitize=address conftest.c -lz   >&5
configure:12931: $? = 0
configure:12940: result: yes
configure:12960: checking if assembler code in pnggccrd.c can be compiled without PNG_NO_MMX_CODE
configure:12973: afl-clang-fast -c -fsanitize=address -g -O1  conftest.c >&5
configure:12973: $? = 0
configure:12974: result: yes
configure:12987: checking if libraries can be versioned
configure:12992: result: yes
configure:13011: checking for symbol prefix
configure:13018: result: 
configure:13040: pkgconfig directory is ${libdir}/pkgconfig
configure:13185: checking that generated files are newer than configure
configure:13191: result: done
configure:13222: creating ./config.status

## ---------------------- ##
## Running config.status. ##
## ---------------------- ##

This file was extended by libpng config.status 1.2.56, which was
generated by GNU Autoconf 2.69.  Invocation command line was

  CONFIG_FILES    = 
  CONFIG_HEADERS  = 
  CONFIG_LINKS    = 
  CONFIG_COMMANDS = 
  $ ./config.status 

on 147cdd6c4cc4

config.status:1111: creating Makefile
config.status:1111: creating libpng.pc
config.status:1111: creating libpng-config
config.status:1111: creating config.h
config.status:1292: config.h is unchanged
config.status:1340: executing depfiles commands
config.status:1340: executing libtool commands

## ---------------- ##
## Cache variables. ##
## ---------------- ##

ac_cv_build=aarch64-unknown-linux-gnu
ac_cv_c_compiler_gnu=yes
ac_cv_c_const=yes
ac_cv_env_CC_set=set
ac_cv_env_CC_value=afl-clang-fast
ac_cv_env_CFLAGS_set=set
ac_cv_env_CFLAGS_value='-fsanitize=address -g -O1'
ac_cv_env_CPPFLAGS_set=
ac_cv_env_CPPFLAGS_value=
ac_cv_env_CPP_set=
ac_cv_env_CPP_value=
ac_cv_env_LDFLAGS_set=set
ac_cv_env_LDFLAGS_value=-fsanitize=address
ac_cv_env_LIBS_set=
ac_cv_env_LIBS_value=
ac_cv_env_LT_SYS_LIBRARY_PATH_set=
ac_cv_env_LT_SYS_LIBRARY_PATH_value=
ac_cv_env_build_alias_set=
ac_cv_env_build_alias_value=
ac_cv_env_host_alias_set=
ac_cv_env_host_alias_value=
ac_cv_env_target_alias_set=
ac_cv_env_target_alias_value=
ac_cv_func_memset=yes
ac_cv_func_pow=yes
ac_cv_func_strtod=yes
ac_cv_header_dlfcn_h=yes
ac_cv_header_inttypes_h=yes
ac_cv_header_malloc_h=yes
ac_cv_header_memory_h=yes
ac_cv_header_stdc=yes
ac_cv_header_stdint_h=yes
ac_cv_header_stdlib_h=yes
ac_cv_header_string_h=yes
ac_cv_header_strings_h=yes
ac_cv_header_sys_stat_h=yes
ac_cv_header_sys_types_h=yes
ac_cv_header_unistd_h=yes
ac_cv_host=aarch64-unknown-linux-gnu
ac_cv_lib_z_zlibVersion=yes
ac_cv_objext=o
ac_cv_path_EGREP='/usr/bin/grep -E'
ac_cv_path_FGREP='/usr/bin/grep -F'
ac_cv_path_GREP=/usr/bin/grep
ac_cv_path_SED=/usr/bin/sed
ac_cv_path_install='/usr/bin/install -c'
ac_cv_path_lt_DD=/usr/bin/dd
ac_cv_path_mkdir=/usr/bin/mkdir
ac_cv_prog_AWK=mawk
ac_cv_prog_CPP='afl-clang-fast -E'
ac_cv_prog_ac_ct_AR=ar
ac_cv_prog_ac_ct_CC=afl-clang-fast
ac_cv_prog_ac_ct_DLLTOOL=dlltool
ac_cv_prog_ac_ct_OBJDUMP=objdump
ac_cv_prog_ac_ct_RANLIB=ranlib
ac_cv_prog_ac_ct_SED=/usr/bin/sed
ac_cv_prog_ac_ct_STRIP=strip
ac_cv_prog_cc_c89=
ac_cv_prog_cc_g=yes
ac_cv_prog_make_make_set=yes
ac_cv_struct_tm=time.h
ac_cv_type_size_t=yes
am_cv_CC_dependencies_compiler_type=gcc3
am_cv_make_support_nested_variables=yes
am_cv_prog_cc_c_o=yes
lt_cv_ar_at_file=@
lt_cv_deplibs_check_method=pass_all
lt_cv_file_magic_cmd='$MAGIC_CMD'
lt_cv_file_magic_test_file=
lt_cv_ld_reload_flag=-r
lt_cv_nm_interface='BSD nm'
lt_cv_objdir=.libs
lt_cv_path_LD=/usr/bin/ld
lt_cv_path_NM='/usr/bin/nm -B'
lt_cv_path_mainfest_tool=no
lt_cv_prog_compiler_c_o=yes
lt_cv_prog_compiler_pic='-fPIC -DPIC'
lt_cv_prog_compiler_pic_works=yes
lt_cv_prog_compiler_rtti_exceptions=yes
lt_cv_prog_compiler_static_works=no
lt_cv_prog_gnu_ld=yes
lt_cv_sharedlib_from_linklib_cmd='printf %s\n'
lt_cv_shlibpath_overrides_runpath=yes
lt_cv_sys_global_symbol_pipe='sed -n -e '\''s/^.*[	 ]\([ABCDGIRSTW][ABCDGIRSTW]*\)[	 ][	 ]*\([_A-Za-z][_A-Za-z0-9]*\)$/\1 \2 \2/p'\'' | sed '\''/ __gnu_lto/d'\'''
lt_cv_sys_global_symbol_to_c_name_address='sed -n -e '\''s/^: \(.*\) .*$/  {"\1", (void *) 0},/p'\'' -e '\''s/^[ABCDGIRSTW][ABCDGIRSTW]* .* \(.*\)$/  {"\1", (void *) \&\1},/p'\'''
lt_cv_sys_global_symbol_to_c_name_address_lib_prefix='sed -n -e '\''s/^: \(.*\) .*$/  {"\1", (void *) 0},/p'\'' -e '\''s/^[ABCDGIRSTW][ABCDGIRSTW]* .* \(lib.*\)$/  {"\1", (void *) \&\1},/p'\'' -e '\''s/^[ABCDGIRSTW][ABCDGIRSTW]* .* \(.*\)$/  {"lib\1", (void *) \&\1},/p'\'''
lt_cv_sys_global_symbol_to_cdecl='sed -n -e '\''s/^T .* \(.*\)$/extern int \1();/p'\'' -e '\''s/^[ABCDGIRSTW][ABCDGIRSTW]* .* \(.*\)$/extern char \1;/p'\'''
lt_cv_sys_global_symbol_to_import=
lt_cv_sys_max_cmd_len=1572864
lt_cv_to_host_file_cmd=func_convert_file_noop
lt_cv_to_tool_file_cmd=func_convert_file_noop
lt_cv_truncate_bin='/usr/bin/dd bs=4096 count=1'

## ----------------- ##
## Output variables. ##
## ----------------- ##

ACLOCAL='${SHELL} /fuzzing/libpng-1.2.56/missing aclocal-1.15'
AMDEPBACKSLASH='\'
AMDEP_FALSE='#'
AMDEP_TRUE=''
AMTAR='$${TAR-tar}'
AM_BACKSLASH='\'
AM_DEFAULT_V='$(AM_DEFAULT_VERBOSITY)'
AM_DEFAULT_VERBOSITY='1'
AM_V='$(V)'
AR='ar'
AS='as'
AUTOCONF='${SHELL} /fuzzing/libpng-1.2.56/missing autoconf'
AUTOHEADER='${SHELL} /fuzzing/libpng-1.2.56/missing autoheader'
AUTOMAKE='${SHELL} /fuzzing/libpng-1.2.56/missing automake-1.15'
AWK='mawk'
CC='afl-clang-fast'
CCDEPMODE='depmode=gcc3'
CFLAGS='-fsanitize=address -g -O1'
CPP='afl-clang-fast -E'
CPPFLAGS=''
CYGPATH_W='echo'
DEFS='-DHAVE_CONFIG_H'
DEPDIR='.deps'
DLLTOOL='dlltool'
DSYMUTIL=''
DUMPBIN=''
ECHO_C=''
ECHO_N='-n'
ECHO_T=''
EGREP='/usr/bin/grep -E'
EXEEXT=''
FGREP='/usr/bin/grep -F'
GREP='/usr/bin/grep'
HAVE_LD_VERSION_SCRIPT_FALSE='#'
HAVE_LD_VERSION_SCRIPT_TRUE=''
INSTALL_DATA='${INSTALL} -m 644'
INSTALL_PROGRAM='${INSTALL}'
INSTALL_SCRIPT='${INSTALL}'
INSTALL_STRIP_PROGRAM='$(install_sh) -c -s'
LD='/usr/bin/ld'
LDFLAGS='-fsanitize=address'
LIBOBJS=''
LIBPNG_DEFINES='-DPNG_CONFIGURE_LIBPNG '
LIBPNG_NO_MMX=''
LIBS='-lz '
LIBTOOL='$(SHELL) $(top_builddir)/libtool'
LIPO=''
LN_S='ln -s'
LTLIBOBJS=''
LT_SYS_LIBRARY_PATH=''
MAINT='#'
MAINTAINER_MODE_FALSE=''
MAINTAINER_MODE_TRUE='#'
MAKEINFO='${SHELL} /fuzzing/libpng-1.2.56/missing makeinfo'
MANIFEST_TOOL=':'
MKDIR_P='/usr/bin/mkdir -p'
NM='/usr/bin/nm -B'
NMEDIT=''
OBJDUMP='objdump'
OBJEXT='o'
OTOOL64=''
OTOOL=''
PACKAGE='libpng'
PACKAGE_BUGREPORT='png-mng-implement@lists.sourceforge.net'
PACKAGE_NAME='libpng'
PACKAGE_STRING='libpng 1.2.56'
PACKAGE_TARNAME='libpng'
PACKAGE_URL=''
PACKAGE_VERSION='1.2.56'
PATH_SEPARATOR=':'
PNGLIB_MAJOR='1'
PNGLIB_MINOR='2'
PNGLIB_RELEASE='56'
PNGLIB_VERSION='1.2.56'
POW_LIB=''
RANLIB='ranlib'
SED='/usr/bin/sed'
SET_MAKE=''
SHELL='/bin/bash'
STRIP='strip'
SYMBOL_PREFIX=''
VERSION='1.2.56'
ac_ct_AR='ar'
ac_ct_CC='afl-clang-fast'
ac_ct_DUMPBIN=''
am__EXEEXT_FALSE=''
am__EXEEXT_TRUE='#'
am__fastdepCC_FALSE='#'
am__fastdepCC_TRUE=''
am__include='include'
am__isrc=''
am__leading_dot='.'
am__nodep='_no'
am__quote=''
am__tar='$${TAR-tar} chof - "$$tardir"'
am__untar='$${TAR-tar} xf -'
binconfigs='${binconfigs}'
bindir='${exec_prefix}/bin'
build='aarch64-unknown-linux-gnu'
build_alias=''
build_cpu='aarch64'
build_os='linux-gnu'
build_vendor='unknown'
compatlib='libpng.la'
datadir='${datarootdir}'
datarootdir='${prefix}/share'
docdir='${datarootdir}/doc/${PACKAGE_TARNAME}'
dvidir='${docdir}'
exec_prefix='${prefix}'
host='aarch64-unknown-linux-gnu'
host_alias=''
host_cpu='aarch64'
host_os='linux-gnu'
host_vendor='unknown'
htmldir='${docdir}'
includedir='${prefix}/include'
infodir='${datarootdir}/info'
install_sh='${SHELL} /fuzzing/libpng-1.2.56/install-sh'
libdir='${exec_prefix}/lib'
libexecdir='${exec_prefix}/libexec'
localedir='${datarootdir}/locale'
localstatedir='${prefix}/var'
mandir='${datarootdir}/man'
mkdir_p='$(MKDIR_P)'
oldincludedir='/usr/include'
pdfdir='${docdir}'
pkgconfigdir='${libdir}/pkgconfig'
prefix='/fuzzing/libpng-1.2.56/install'
program_transform_name='s,x,x,'
psdir='${docdir}'
sbindir='${exec_prefix}/sbin'
sharedstatedir='${prefix}/com'
sysconfdir='${prefix}/etc'
target_alias=''

## ----------- ##
## confdefs.h. ##
## ----------- ##

/* confdefs.h */
#define PACKAGE_NAME "libpng"
#define PACKAGE_TARNAME "libpng"
#define PACKAGE_VERSION "1.2.56"
#define PACKAGE_STRING "libpng 1.2.56"
#define PACKAGE_BUGREPORT "png-mng-implement@lists.sourceforge.net"
#define PACKAGE_URL ""
#define PACKAGE "libpng"
#define VERSION "1.2.56"
#define STDC_HEADERS 1
#define HAVE_SYS_TYPES_H 1
#define HAVE_SYS_STAT_H 1
#define HAVE_STDLIB_H 1
#define HAVE_STRING_H 1
#define HAVE_MEMORY_H 1
#define HAVE_STRINGS_H 1
#define HAVE_INTTYPES_H 1
#define HAVE_STDINT_H 1
#define HAVE_UNISTD_H 1
#define HAVE_DLFCN_H 1
#define LT_OBJDIR ".libs/"
#define STDC_HEADERS 1
#define HAVE_MALLOC_H 1
#define HAVE_STDLIB_H 1
#define HAVE_STRING_H 1
#define HAVE_STRINGS_H 1
#define HAVE_MEMSET 1
#define HAVE_POW 1
#define HAVE_LIBZ 1

configure: exit 0
